<?xml version="1.0" encoding="UTF-8"?>
<!-- Generated by org.testng.reporters.JUnitReportReporter -->
<testsuite skipped="0" hostname="Chinmaya-84-7B-EB-31-2E-9C" name="com.rest.services.test.CreateJiraLoginTest" tests="2" failures="0" timestamp="28 Mar 2018 12:43:15 GMT" time="2.853" errors="0">
  <testcase name="createIssueInJiraApiTest" time="1.559" classname="com.rest.services.test.CreateJiraLoginTest"/>
  <testcase name="loginToJiraApiTest" time="1.294" classname="com.rest.services.test.CreateJiraLoginTest"/>
</testsuite> <!-- com.rest.services.test.CreateJiraLoginTest -->
