<?xml version="1.0" encoding="UTF-8"?>
<!-- Generated by org.testng.reporters.JUnitReportReporter -->
<testsuite skipped="0" hostname="Chinmaya-84-7B-EB-31-2E-9C" name="com.rest.services.test.JiraTests" tests="2" failures="0" timestamp="05 Apr 2018 06:28:25 GMT" time="2.821" errors="0">
  <testcase name="loginToJiraApiTest" time="1.467" classname="com.rest.services.test.JiraTests"/>
  <testcase name="createIssueInJiraApiTest" time="1.354" classname="com.rest.services.test.JiraTests"/>
</testsuite> <!-- com.rest.services.test.JiraTests -->
