<?xml version="1.0" encoding="UTF-8"?>
<!-- Generated by org.testng.reporters.JUnitReportReporter -->
<testsuite skipped="0" hostname="Chinmaya-84-7B-EB-31-2E-9C" name="com.rest.services.test.CreateJiraLoginTest" tests="1" failures="0" timestamp="28 Mar 2018 09:59:41 GMT" time="3.292" errors="0">
  <testcase name="createIssueInJiraApiTest" time="3.292" classname="com.rest.services.test.CreateJiraLoginTest"/>
</testsuite> <!-- com.rest.services.test.CreateJiraLoginTest -->
