<?xml version="1.0" encoding="UTF-8"?>
<!-- Generated by org.testng.reporters.JUnitReportReporter -->
<testsuite skipped="0" hostname="Chinmaya-84-7B-EB-31-2E-9C" name="com.rest.services.test.JiraTests" tests="2" failures="0" timestamp="03 Apr 2018 06:13:28 GMT" time="2.984" errors="0">
  <testcase name="loginToJiraApiTest" time="1.571" classname="com.rest.services.test.JiraTests"/>
  <testcase name="createIssueInJiraApiTest" time="1.413" classname="com.rest.services.test.JiraTests"/>
</testsuite> <!-- com.rest.services.test.JiraTests -->
